

Processing Rails::InfoController#properties (for 127.0.0.1 at 2009-07-17 16:37:57) [GET]
  [4;36;1mSQL (0.0ms)[0m   [0;1m SELECT name
 FROM sqlite_master
 WHERE type = 'table' AND NOT name = 'sqlite_sequence'
[0m
Completed in 67ms (View: 10, DB: 0) | 200 OK [http://127.0.0.1/rails/info/properties]


Processing Rails::InfoController#properties (for 127.0.0.1 at 2009-07-17 16:49:27) [GET]
  [4;36;1mSQL (0.0ms)[0m   [0;1m SELECT name
 FROM sqlite_master
 WHERE type = 'table' AND NOT name = 'sqlite_sequence'
[0m
Completed in 66ms (View: 10, DB: 0) | 200 OK [http://127.0.0.1/rails/info/properties]


Processing TicketsController#index (for 127.0.0.1 at 2009-07-17 16:51:16) [GET]
  [4;35;1mTicket Load (0.0ms)[0m   [0mSQLite3::SQLException: no such table: tickets: SELECT * FROM "tickets" [0m

ActiveRecord::StatementInvalid (SQLite3::SQLException: no such table: tickets: SELECT * FROM "tickets" ):
  app/controllers/tickets_controller.rb:5:in `index'
  C:/Ruby/lib/ruby/1.8/webrick/httpserver.rb:104:in `service'
  C:/Ruby/lib/ruby/1.8/webrick/httpserver.rb:65:in `run'
  C:/Ruby/lib/ruby/1.8/webrick/server.rb:173:in `start_thread'
  C:/Ruby/lib/ruby/1.8/webrick/server.rb:162:in `start'
  C:/Ruby/lib/ruby/1.8/webrick/server.rb:162:in `start_thread'
  C:/Ruby/lib/ruby/1.8/webrick/server.rb:95:in `start'
  C:/Ruby/lib/ruby/1.8/webrick/server.rb:92:in `each'
  C:/Ruby/lib/ruby/1.8/webrick/server.rb:92:in `start'
  C:/Ruby/lib/ruby/1.8/webrick/server.rb:23:in `start'
  C:/Ruby/lib/ruby/1.8/webrick/server.rb:82:in `start'

Rendered rescues/_trace (68.0ms)
Rendered rescues/_request_and_response (2.0ms)
Rendering rescues/layout (internal_server_error)
  [4;36;1mSQL (1.0ms)[0m   [0;1m SELECT name
 FROM sqlite_master
 WHERE type = 'table' AND NOT name = 'sqlite_sequence'
[0m
  [4;35;1mSQL (0.0ms)[0m   [0mselect sqlite_version(*)[0m
  [4;36;1mSQL (149.0ms)[0m   [0;1mCREATE TABLE "schema_migrations" ("version" varchar(255) NOT NULL) [0m
  [4;35;1mSQL (88.0ms)[0m   [0mCREATE UNIQUE INDEX "unique_schema_migrations" ON "schema_migrations" ("version")[0m
  [4;36;1mSQL (1.0ms)[0m   [0;1m SELECT name
 FROM sqlite_master
 WHERE type = 'table' AND NOT name = 'sqlite_sequence'
[0m
  [4;35;1mSQL (1.0ms)[0m   [0mSELECT version FROM schema_migrations[0m
Migrating to CreateTickets (20090717084605)
  [4;36;1mSQL (2.0ms)[0m   [0;1mCREATE TABLE "tickets" ("id" INTEGER PRIMARY KEY AUTOINCREMENT NOT NULL, "name" varchar(255), "seat_id_seq" varchar(255), "address" text, "price_paid" decimal, "email_address" varchar(255), "created_at" datetime, "updated_at" datetime) [0m
  [4;35;1mSQL (0.0ms)[0m   [0mINSERT INTO schema_migrations (version) VALUES ('20090717084605')[0m
  [4;36;1mSQL (0.0ms)[0m   [0;1m SELECT name
 FROM sqlite_master
 WHERE type = 'table' AND NOT name = 'sqlite_sequence'
[0m
  [4;35;1mSQL (1.0ms)[0m   [0mSELECT version FROM schema_migrations[0m
  [4;36;1mSQL (0.0ms)[0m   [0;1m SELECT name
 FROM sqlite_master
 WHERE type = 'table' AND NOT name = 'sqlite_sequence'
[0m
  [4;35;1mSQL (0.0ms)[0m   [0mPRAGMA index_list("tickets")[0m


Processing TicketsController#index (for 127.0.0.1 at 2009-07-17 16:56:18) [GET]
  [4;36;1mTicket Load (1.0ms)[0m   [0;1mSELECT * FROM "tickets" [0m
Rendering template within layouts/tickets
Rendering tickets/index
Completed in 2454ms (View: 2444, DB: 1) | 200 OK [http://127.0.0.1/tickets]


Processing TicketsController#new (for 127.0.0.1 at 2009-07-17 16:56:27) [GET]
Rendering template within layouts/tickets
Rendering tickets/new
Completed in 24ms (View: 14, DB: 0) | 200 OK [http://127.0.0.1/tickets/new]


Processing TicketsController#create (for 127.0.0.1 at 2009-07-17 16:56:55) [POST]
  Parameters: {"ticket"=>{"name"=>"aida", "seat_id_seq"=>"8", "price_paid"=>"10", "address"=>"presint 11 putrajaya", "email_address"=>"aaa"}, "commit"=>"Create", "authenticity_token"=>"mZPKb9RCsnmoWrZbdHHo3lRl8Q5k+EpKsLYRNILo9K4="}
  [4;35;1mTicket Create (1.0ms)[0m   [0mINSERT INTO "tickets" ("name", "updated_at", "seat_id_seq", "price_paid", "address", "email_address", "created_at") VALUES('aida', '2009-07-17 08:56:55', '8', 10.0, 'presint 11 putrajaya', 'aaa', '2009-07-17 08:56:55')[0m
Redirected to http://127.0.0.1:3000/tickets/1
Completed in 233ms (DB: 1) | 302 Found [http://127.0.0.1/tickets]


Processing TicketsController#show (for 127.0.0.1 at 2009-07-17 16:56:56) [GET]
  Parameters: {"id"=>"1"}
  [4;36;1mTicket Load (0.0ms)[0m   [0;1mSELECT * FROM "tickets" WHERE ("tickets"."id" = 1) [0m
Rendering template within layouts/tickets
Rendering tickets/show
Completed in 20ms (View: 9, DB: 0) | 200 OK [http://127.0.0.1/tickets/1]
